{"D:\\PROYECTOS_MERN\\Repositorio_proyecto\\backend\\services\\scheduler.js": {"path":"D:\\PROYECTOS_MERN\\Repositorio_proyecto\\backend\\services\\scheduler.js","statementMap":{"0":{"start":{"line":31,"column":15},"end":{"line":31,"column":68}},"1":{"start":{"line":32,"column":15},"end":{"line":32,"column":50}},"2":{"start":{"line":45,"column":2},"end":{"line":54,"column":3}},"3":{"start":{"line":46,"column":4},"end":{"line":53,"column":6}},"4":{"start":{"line":57,"column":24},"end":{"line":57,"column":26}},"5":{"start":{"line":58,"column":24},"end":{"line":58,"column":26}},"6":{"start":{"line":59,"column":24},"end":{"line":59,"column":84}},"7":{"start":{"line":61,"column":23},"end":{"line":61,"column":25}},"8":{"start":{"line":62,"column":23},"end":{"line":62,"column":25}},"9":{"start":{"line":63,"column":23},"end":{"line":63,"column":24}},"10":{"start":{"line":66,"column":2},"end":{"line":124,"column":3}},"11":{"start":{"line":67,"column":19},"end":{"line":67,"column":24}},"12":{"start":{"line":70,"column":24},"end":{"line":72,"column":5}},"13":{"start":{"line":71,"column":16},"end":{"line":71,"column":51}},"14":{"start":{"line":74,"column":4},"end":{"line":119,"column":5}},"15":{"start":{"line":75,"column":4},"end":{"line":119,"column":5}},"16":{"start":{"line":76,"column":6},"end":{"line":118,"column":7}},"17":{"start":{"line":77,"column":24},"end":{"line":77,"column":41}},"18":{"start":{"line":79,"column":8},"end":{"line":117,"column":9}},"19":{"start":{"line":82,"column":12},"end":{"line":82,"column":74}},"20":{"start":{"line":83,"column":10},"end":{"line":83,"column":37}},"21":{"start":{"line":83,"column":28},"end":{"line":83,"column":37}},"22":{"start":{"line":86,"column":29},"end":{"line":86,"column":62}},"23":{"start":{"line":87,"column":10},"end":{"line":87,"column":48}},"24":{"start":{"line":87,"column":39},"end":{"line":87,"column":48}},"25":{"start":{"line":89,"column":10},"end":{"line":116,"column":11}},"26":{"start":{"line":91,"column":33},"end":{"line":91,"column":68}},"27":{"start":{"line":92,"column":12},"end":{"line":92,"column":54}},"28":{"start":{"line":92,"column":45},"end":{"line":92,"column":54}},"29":{"start":{"line":95,"column":12},"end":{"line":95,"column":47}},"30":{"start":{"line":96,"column":12},"end":{"line":96,"column":47}},"31":{"start":{"line":97,"column":12},"end":{"line":97,"column":33}},"32":{"start":{"line":101,"column":14},"end":{"line":101,"column":74}},"33":{"start":{"line":102,"column":12},"end":{"line":102,"column":50}},"34":{"start":{"line":102,"column":33},"end":{"line":102,"column":50}},"35":{"start":{"line":104,"column":12},"end":{"line":112,"column":15}},"36":{"start":{"line":114,"column":12},"end":{"line":114,"column":28}},"37":{"start":{"line":115,"column":12},"end":{"line":115,"column":24}},"38":{"start":{"line":121,"column":4},"end":{"line":123,"column":5}},"39":{"start":{"line":122,"column":6},"end":{"line":122,"column":35}},"40":{"start":{"line":127,"column":25},"end":{"line":127,"column":39}},"41":{"start":{"line":128,"column":25},"end":{"line":128,"column":40}},"42":{"start":{"line":129,"column":25},"end":{"line":129,"column":42}},"43":{"start":{"line":131,"column":25},"end":{"line":131,"column":53}},"44":{"start":{"line":132,"column":25},"end":{"line":132,"column":79}},"45":{"start":{"line":133,"column":25},"end":{"line":135,"column":3}},"46":{"start":{"line":137,"column":2},"end":{"line":144,"column":4}}},"fnMap":{"0":{"name":"generateSchedule","decl":{"start":{"line":42,"column":16},"end":{"line":42,"column":32}},"loc":{"start":{"line":42,"column":64},"end":{"line":145,"column":1}},"line":42},"1":{"name":"(anonymous_1)","decl":{"start":{"line":71,"column":6},"end":{"line":71,"column":7}},"loc":{"start":{"line":71,"column":16},"end":{"line":71,"column":51}},"line":71}},"branchMap":{"0":{"loc":{"start":{"line":45,"column":2},"end":{"line":54,"column":3}},"type":"if","locations":[{"start":{"line":45,"column":2},"end":{"line":54,"column":3}},{"start":{},"end":{}}],"line":45},"1":{"loc":{"start":{"line":45,"column":6},"end":{"line":45,"column":63}},"type":"binary-expr","locations":[{"start":{"line":45,"column":6},"end":{"line":45,"column":21}},{"start":{"line":45,"column":25},"end":{"line":45,"column":41}},{"start":{"line":45,"column":45},"end":{"line":45,"column":63}}],"line":45},"2":{"loc":{"start":{"line":82,"column":12},"end":{"line":82,"column":74}},"type":"binary-expr","locations":[{"start":{"line":82,"column":12},"end":{"line":82,"column":32}},{"start":{"line":82,"column":36},"end":{"line":82,"column":74}}],"line":82},"3":{"loc":{"start":{"line":83,"column":10},"end":{"line":83,"column":37}},"type":"if","locations":[{"start":{"line":83,"column":10},"end":{"line":83,"column":37}},{"start":{},"end":{}}],"line":83},"4":{"loc":{"start":{"line":87,"column":10},"end":{"line":87,"column":48}},"type":"if","locations":[{"start":{"line":87,"column":10},"end":{"line":87,"column":48}},{"start":{},"end":{}}],"line":87},"5":{"loc":{"start":{"line":92,"column":12},"end":{"line":92,"column":54}},"type":"if","locations":[{"start":{"line":92,"column":12},"end":{"line":92,"column":54}},{"start":{},"end":{}}],"line":92},"6":{"loc":{"start":{"line":101,"column":14},"end":{"line":101,"column":74}},"type":"binary-expr","locations":[{"start":{"line":101,"column":14},"end":{"line":101,"column":33}},{"start":{"line":101,"column":37},"end":{"line":101,"column":74}}],"line":101},"7":{"loc":{"start":{"line":102,"column":12},"end":{"line":102,"column":50}},"type":"if","locations":[{"start":{"line":102,"column":12},"end":{"line":102,"column":50}},{"start":{},"end":{}}],"line":102},"8":{"loc":{"start":{"line":106,"column":30},"end":{"line":106,"column":47}},"type":"binary-expr","locations":[{"start":{"line":106,"column":30},"end":{"line":106,"column":41}},{"start":{"line":106,"column":45},"end":{"line":106,"column":47}}],"line":106},"9":{"loc":{"start":{"line":121,"column":4},"end":{"line":123,"column":5}},"type":"if","locations":[{"start":{"line":121,"column":4},"end":{"line":123,"column":5}},{"start":{},"end":{}}],"line":121},"10":{"loc":{"start":{"line":132,"column":25},"end":{"line":132,"column":79}},"type":"cond-expr","locations":[{"start":{"line":132,"column":45},"end":{"line":132,"column":75}},{"start":{"line":132,"column":78},"end":{"line":132,"column":79}}],"line":132}},"s":{"0":1,"1":1,"2":15,"3":1,"4":14,"5":14,"6":14,"7":14,"8":14,"9":14,"10":14,"11":63,"12":63,"13":415,"14":63,"15":63,"16":85,"17":163,"18":163,"19":260,"20":260,"21":114,"22":146,"23":146,"24":85,"25":61,"26":141,"27":141,"28":81,"29":60,"30":60,"31":60,"32":60,"33":60,"34":2,"35":60,"36":60,"37":60,"38":63,"39":3,"40":14,"41":14,"42":14,"43":14,"44":14,"45":14,"46":14},"f":{"0":15,"1":415},"b":{"0":[1,14],"1":[15,14,14],"2":[260,260],"3":[114,146],"4":[85,61],"5":[81,60],"6":[60,60],"7":[2,58],"8":[60,0],"9":[3,60],"10":[13,1]},"inputSourceMap":null,"_coverageSchema":"1a1c01bbd47fc00a2c39e90264f33305004495a9","hash":"5e89fa3cd0894be095dd35f13fea9afb69ed5a6f"}
}
