TN:
SF:services\scheduler.js
FN:42,generateSchedule
FN:71,(anonymous_1)
FNF:2
FNH:2
FNDA:15,generateSchedule
FNDA:415,(anonymous_1)
DA:31,1
DA:32,1
DA:45,15
DA:46,1
DA:57,14
DA:58,14
DA:59,14
DA:61,14
DA:62,14
DA:63,14
DA:66,14
DA:67,63
DA:70,63
DA:71,415
DA:74,63
DA:75,63
DA:76,85
DA:77,163
DA:79,163
DA:82,260
DA:83,260
DA:86,146
DA:87,146
DA:89,61
DA:91,141
DA:92,141
DA:95,60
DA:96,60
DA:97,60
DA:101,60
DA:102,60
DA:104,60
DA:114,60
DA:115,60
DA:121,63
DA:122,3
DA:127,14
DA:128,14
DA:129,14
DA:131,14
DA:132,14
DA:133,14
DA:137,14
LF:43
LH:43
BRDA:45,0,0,1
BRDA:45,0,1,14
BRDA:45,1,0,15
BRDA:45,1,1,14
BRDA:45,1,2,14
BRDA:82,2,0,260
BRDA:82,2,1,260
BRDA:83,3,0,114
BRDA:83,3,1,146
BRDA:87,4,0,85
BRDA:87,4,1,61
BRDA:92,5,0,81
BRDA:92,5,1,60
BRDA:101,6,0,60
BRDA:101,6,1,60
BRDA:102,7,0,2
BRDA:102,7,1,58
BRDA:106,8,0,60
BRDA:106,8,1,0
BRDA:121,9,0,3
BRDA:121,9,1,60
BRDA:132,10,0,13
BRDA:132,10,1,1
BRF:23
BRH:22
end_of_record
